0 info it worked if it ends with ok
1 verbose cli [ '/usr/local/bin/node',
1 verbose cli   '/usr/local/bin/npm',
1 verbose cli   'run',
1 verbose cli   'start:dev' ]
2 info using npm@3.10.10
3 info using node@v6.9.5
4 verbose run-script [ 'prestart:dev', 'start:dev', 'poststart:dev' ]
5 info lifecycle unimed_node-busybox@2.1.0~prestart:dev: unimed_node-busybox@2.1.0
6 silly lifecycle unimed_node-busybox@2.1.0~prestart:dev: no script for prestart:dev, continuing
7 info lifecycle unimed_node-busybox@2.1.0~start:dev: unimed_node-busybox@2.1.0
8 verbose lifecycle unimed_node-busybox@2.1.0~start:dev: unsafe-perm in lifecycle true
9 verbose lifecycle unimed_node-busybox@2.1.0~start:dev: PATH: /usr/local/lib/node_modules/npm/bin/node-gyp-bin:/opt/app/node_modules/.bin:/usr/local/sbin:/usr/local/bin:/usr/sbin:/usr/bin:/sbin:/bin
10 verbose lifecycle unimed_node-busybox@2.1.0~start:dev: CWD: /opt/app
11 silly lifecycle unimed_node-busybox@2.1.0~start:dev: Args: [ '-c', 'nodemon app.js' ]
12 info lifecycle unimed_node-busybox@2.1.0~start:dev: Failed to exec start:dev script
13 verbose stack Error: unimed_node-busybox@2.1.0 start:dev: `nodemon app.js`
13 verbose stack spawn ENOENT
13 verbose stack     at ChildProcess.<anonymous> (/usr/local/lib/node_modules/npm/lib/utils/spawn.js:33:16)
13 verbose stack     at emitTwo (events.js:106:13)
13 verbose stack     at ChildProcess.emit (events.js:191:7)
13 verbose stack     at maybeClose (internal/child_process.js:877:16)
13 verbose stack     at Process.ChildProcess._handle.onexit (internal/child_process.js:226:5)
14 verbose pkgid unimed_node-busybox@2.1.0
15 verbose cwd /opt/app
16 error Linux 5.19.0-29-generic
17 error argv "/usr/local/bin/node" "/usr/local/bin/npm" "run" "start:dev"
18 error node v6.9.5
19 error npm  v3.10.10
20 error file sh
21 error code ELIFECYCLE
22 error errno ENOENT
23 error syscall spawn
24 error unimed_node-busybox@2.1.0 start:dev: `nodemon app.js`
24 error spawn ENOENT
25 error Failed at the unimed_node-busybox@2.1.0 start:dev script 'nodemon app.js'.
25 error Make sure you have the latest version of node.js and npm installed.
25 error If you do, this is most likely a problem with the unimed_node-busybox package,
25 error not with npm itself.
25 error Tell the author that this fails on your system:
25 error     nodemon app.js
25 error You can get information on how to open an issue for this project with:
25 error     npm bugs unimed_node-busybox
25 error Or if that isn't available, you can get their info via:
25 error     npm owner ls unimed_node-busybox
25 error There is likely additional logging output above.
26 verbose exit [ 1, true ]
